/*C40*/SET SCHEMA PUBLIC
DISCONNECT
/*C41*/SET SCHEMA PUBLIC
ALTER SEQUENCE PUBLIC.FIN_INT_SEQ RESTART WITH 16
ALTER SEQUENCE FIN_INT_SEQ INCREMENT BY 1
ALTER SEQUENCE PUBLIC.ACC_OWN_SEQ RESTART WITH 10
ALTER SEQUENCE ACC_OWN_SEQ INCREMENT BY 1
ALTER SEQUENCE PUBLIC.ACC_SEQ RESTART WITH 10
ALTER SEQUENCE ACC_SEQ INCREMENT BY 1
ALTER SEQUENCE PUBLIC.TRX_SEQ RESTART WITH 10
ALTER SEQUENCE TRX_SEQ INCREMENT BY 1
ALTER SEQUENCE PUBLIC.USER_SEQ RESTART WITH 35
ALTER SEQUENCE USER_SEQ INCREMENT BY 1
ALTER SEQUENCE PUBLIC.TRX_CAT_SEQ RESTART WITH 10
ALTER SEQUENCE TRX_CAT_SEQ INCREMENT BY 1
ALTER SEQUENCE PUBLIC.USER_SEQ RESTART WITH 36
ALTER SEQUENCE PUBLIC.USER_SEQ RESTART WITH 37
ALTER SEQUENCE PUBLIC.USER_SEQ RESTART WITH 38
INSERT INTO USERS VALUES(35,'currentLoggedUser','2014-04-18 15:07:02.374000','ddd','Jeanne Calment',NULL)
INSERT INTO USERS VALUES(37,'currentLoggedUser','2014-04-18 15:07:02.390000','Sdsre','Lucy Hannah',NULL)
INSERT INTO USERS VALUES(36,'currentLoggedUser','2014-04-18 15:07:02.390000','eere','Sarah Knauss',NULL)
COMMIT
ALTER SEQUENCE PUBLIC.USER_SEQ RESTART WITH 39
INSERT INTO USERS VALUES(38,'currentLoggedUser','2014-04-18 15:07:02.515000','paswrodjeajny','Marleur',NULL)
COMMIT
DELETE FROM USERS WHERE ID=35
INSERT INTO USERS VALUES(35,'i dupa nie user','2014-04-18 15:07:02.374000','ddd','Jeanne Calment',NULL)
COMMIT
DELETE FROM USERS WHERE ID=24
INSERT INTO USERS VALUES(24,'currentLoggedUser','2014-04-26 00:02:10.910000','paswrodjeajny','Marleur',NULL)
COMMIT
DISCONNECT
/*C44*/SET SCHEMA PUBLIC
DISCONNECT
/*C45*/SET SCHEMA PUBLIC
ALTER SEQUENCE PUBLIC.FIN_INT_SEQ RESTART WITH 17
ALTER SEQUENCE FIN_INT_SEQ INCREMENT BY 1
ALTER SEQUENCE PUBLIC.TRX_SEQ RESTART WITH 11
ALTER SEQUENCE TRX_SEQ INCREMENT BY 1
ALTER SEQUENCE PUBLIC.ACC_SEQ RESTART WITH 11
ALTER SEQUENCE ACC_SEQ INCREMENT BY 1
ALTER SEQUENCE PUBLIC.TRX_CAT_SEQ RESTART WITH 11
ALTER SEQUENCE TRX_CAT_SEQ INCREMENT BY 1
ALTER SEQUENCE PUBLIC.ACC_OWN_SEQ RESTART WITH 11
ALTER SEQUENCE ACC_OWN_SEQ INCREMENT BY 1
ALTER SEQUENCE PUBLIC.USER_SEQ RESTART WITH 40
ALTER SEQUENCE USER_SEQ INCREMENT BY 1
ALTER SEQUENCE PUBLIC.USER_SEQ RESTART WITH 41
ALTER SEQUENCE PUBLIC.USER_SEQ RESTART WITH 42
ALTER SEQUENCE PUBLIC.USER_SEQ RESTART WITH 43
DISCONNECT
/*C46*/SET SCHEMA PUBLIC
DISCONNECT
/*C47*/SET SCHEMA PUBLIC
ALTER SEQUENCE PUBLIC.FIN_INT_SEQ RESTART WITH 18
ALTER SEQUENCE FIN_INT_SEQ INCREMENT BY 1
ALTER SEQUENCE PUBLIC.ACC_OWN_SEQ RESTART WITH 12
ALTER SEQUENCE ACC_OWN_SEQ INCREMENT BY 1
ALTER SEQUENCE PUBLIC.ACC_SEQ RESTART WITH 12
ALTER SEQUENCE ACC_SEQ INCREMENT BY 1
ALTER SEQUENCE PUBLIC.USER_SEQ RESTART WITH 44
ALTER SEQUENCE USER_SEQ INCREMENT BY 1
ALTER SEQUENCE PUBLIC.TRX_SEQ RESTART WITH 12
ALTER SEQUENCE TRX_SEQ INCREMENT BY 1
ALTER SEQUENCE PUBLIC.TRX_CAT_SEQ RESTART WITH 12
ALTER SEQUENCE TRX_CAT_SEQ INCREMENT BY 1
ALTER SEQUENCE PUBLIC.USER_SEQ RESTART WITH 45
ALTER SEQUENCE PUBLIC.ACC_OWN_SEQ RESTART WITH 13
ALTER SEQUENCE PUBLIC.USER_SEQ RESTART WITH 46
ALTER SEQUENCE PUBLIC.ACC_OWN_SEQ RESTART WITH 14
ALTER SEQUENCE PUBLIC.USER_SEQ RESTART WITH 47
ALTER SEQUENCE PUBLIC.ACC_OWN_SEQ RESTART WITH 15
INSERT INTO ACCOUNT_OWNERS VALUES(13,'mnie','denjudejt','opissss','uthredson','ziomek','wlsciciel','PKKK')
INSERT INTO ACCOUNT_OWNERS VALUES(14,'mnie','denjudejt','opissss','uthredson','ziomek','wlsciciel','PKKK')
INSERT INTO ACCOUNT_OWNERS VALUES(12,'mnie','denjudejt','opissss','uthredson','ziomek','wlsciciel','PKKK')
INSERT INTO USERS VALUES(44,'currentLoggedUser','2014-04-18 15:40:18.895000','ddd','Jeanne Calment',12)
INSERT INTO USERS VALUES(45,'currentLoggedUser','2014-04-18 15:40:18.928000','eere','Sarah Knauss',13)
INSERT INTO USERS VALUES(46,'currentLoggedUser','2014-04-18 15:40:18.930000','Sdsre','Lucy Hannah',14)
COMMIT
ALTER SEQUENCE PUBLIC.USER_SEQ RESTART WITH 48
ALTER SEQUENCE PUBLIC.ACC_OWN_SEQ RESTART WITH 16
INSERT INTO ACCOUNT_OWNERS VALUES(15,'mnie','denjudejt','opissss','uthredson','ziomek','wlsciciel','PKKK')
INSERT INTO USERS VALUES(47,'currentLoggedUser','2014-04-18 15:40:19.047000','paswrodjeajny','Marleur',15)
COMMIT
DELETE FROM USERS WHERE ID=13
INSERT INTO USERS VALUES(13,'currentLoggedUser','2014-04-23 23:59:31.430000','ddd','Jeanne Calment',NULL)
COMMIT
DISCONNECT
/*C42*/SET SCHEMA PUBLIC
DISCONNECT
/*C43*/SET SCHEMA PUBLIC
DISCONNECT
/*C50*/SET SCHEMA PUBLIC
DISCONNECT
/*C51*/SET SCHEMA PUBLIC
ALTER SEQUENCE PUBLIC.TRX_SEQ RESTART WITH 13
ALTER SEQUENCE TRX_SEQ INCREMENT BY 1
ALTER SEQUENCE PUBLIC.ACC_OWN_SEQ RESTART WITH 17
ALTER SEQUENCE ACC_OWN_SEQ INCREMENT BY 1
ALTER SEQUENCE PUBLIC.USER_SEQ RESTART WITH 49
ALTER SEQUENCE USER_SEQ INCREMENT BY 1
ALTER SEQUENCE PUBLIC.TRX_CAT_SEQ RESTART WITH 13
ALTER SEQUENCE TRX_CAT_SEQ INCREMENT BY 1
ALTER SEQUENCE PUBLIC.FIN_INT_SEQ RESTART WITH 19
ALTER SEQUENCE FIN_INT_SEQ INCREMENT BY 1
ALTER SEQUENCE PUBLIC.ACC_SEQ RESTART WITH 13
ALTER SEQUENCE ACC_SEQ INCREMENT BY 1
ALTER SEQUENCE PUBLIC.USER_SEQ RESTART WITH 50
ALTER SEQUENCE PUBLIC.ACC_OWN_SEQ RESTART WITH 18
ALTER SEQUENCE PUBLIC.USER_SEQ RESTART WITH 51
ALTER SEQUENCE PUBLIC.ACC_OWN_SEQ RESTART WITH 19
ALTER SEQUENCE PUBLIC.USER_SEQ RESTART WITH 52
ALTER SEQUENCE PUBLIC.ACC_OWN_SEQ RESTART WITH 20
INSERT INTO ACCOUNT_OWNERS VALUES(18,'mnie','denjudejt','opissss','uthredson','ziomek','wlsciciel','PKKK')
INSERT INTO ACCOUNT_OWNERS VALUES(17,'mnie','denjudejt','opissss','uthredson','ziomek','wlsciciel','PKKK')
INSERT INTO ACCOUNT_OWNERS VALUES(19,'mnie','denjudejt','opissss','uthredson','ziomek','wlsciciel','PKKK')
INSERT INTO USERS VALUES(49,'currentLoggedUser','2014-04-18 16:38:36.452000','ddd','Jeanne Calment',17)
INSERT INTO USERS VALUES(51,'currentLoggedUser','2014-04-18 16:38:36.483000','Sdsre','Lucy Hannah',19)
INSERT INTO USERS VALUES(50,'currentLoggedUser','2014-04-18 16:38:36.483000','eere','Sarah Knauss',18)
COMMIT
ALTER SEQUENCE PUBLIC.USER_SEQ RESTART WITH 53
ALTER SEQUENCE PUBLIC.ACC_OWN_SEQ RESTART WITH 21
INSERT INTO ACCOUNT_OWNERS VALUES(20,'mnie','denjudejt','opissss','uthredson','ziomek','wlsciciel','PKKK')
INSERT INTO USERS VALUES(52,'currentLoggedUser','2014-04-18 16:38:36.608000','paswrodjeajny','Marleur',20)
COMMIT
DISCONNECT
/*C52*/SET SCHEMA PUBLIC
DISCONNECT
/*C53*/SET SCHEMA PUBLIC
ALTER SEQUENCE PUBLIC.ACC_SEQ RESTART WITH 14
ALTER SEQUENCE ACC_SEQ INCREMENT BY 1
ALTER SEQUENCE PUBLIC.ACC_OWN_SEQ RESTART WITH 22
ALTER SEQUENCE ACC_OWN_SEQ INCREMENT BY 1
ALTER SEQUENCE PUBLIC.TRX_SEQ RESTART WITH 14
ALTER SEQUENCE TRX_SEQ INCREMENT BY 1
ALTER SEQUENCE PUBLIC.USER_SEQ RESTART WITH 54
ALTER SEQUENCE USER_SEQ INCREMENT BY 1
ALTER SEQUENCE PUBLIC.FIN_INT_SEQ RESTART WITH 20
ALTER SEQUENCE FIN_INT_SEQ INCREMENT BY 1
ALTER SEQUENCE PUBLIC.TRX_CAT_SEQ RESTART WITH 14
ALTER SEQUENCE TRX_CAT_SEQ INCREMENT BY 1
ALTER SEQUENCE PUBLIC.USER_SEQ RESTART WITH 55
ALTER SEQUENCE PUBLIC.ACC_OWN_SEQ RESTART WITH 23
ALTER SEQUENCE PUBLIC.USER_SEQ RESTART WITH 56
ALTER SEQUENCE PUBLIC.ACC_OWN_SEQ RESTART WITH 24
ALTER SEQUENCE PUBLIC.USER_SEQ RESTART WITH 57
ALTER SEQUENCE PUBLIC.ACC_OWN_SEQ RESTART WITH 25
INSERT INTO ACCOUNT_OWNERS VALUES(23,'mnie','denjudejt','opissss','uthredson','ziomek','wlsciciel','PKKK')
INSERT INTO ACCOUNT_OWNERS VALUES(22,'mnie','denjudejt','opissss','uthredson','ziomek','wlsciciel','PKKK')
INSERT INTO ACCOUNT_OWNERS VALUES(24,'mnie','denjudejt','opissss','uthredson','ziomek','wlsciciel','PKKK')
INSERT INTO USERS VALUES(54,'currentLoggedUser','2014-04-18 16:47:33.118000','ddd','Jeanne Calment',22)
INSERT INTO USERS VALUES(56,'currentLoggedUser','2014-04-18 16:47:33.150000','Sdsre','Lucy Hannah',24)
INSERT INTO USERS VALUES(55,'currentLoggedUser','2014-04-18 16:47:33.150000','eere','Sarah Knauss',23)
COMMIT
ALTER SEQUENCE PUBLIC.USER_SEQ RESTART WITH 58
ALTER SEQUENCE PUBLIC.ACC_OWN_SEQ RESTART WITH 26
INSERT INTO ACCOUNT_OWNERS VALUES(25,'mnie','denjudejt','opissss','uthredson','ziomek','wlsciciel','PKKK')
INSERT INTO USERS VALUES(57,'currentLoggedUser','2014-04-18 16:47:33.259000','paswrodjeajny','Marleur',25)
COMMIT
ALTER SEQUENCE PUBLIC.USER_SEQ RESTART WITH 59
ALTER SEQUENCE PUBLIC.ACC_OWN_SEQ RESTART WITH 27
ALTER SEQUENCE PUBLIC.USER_SEQ RESTART WITH 60
ALTER SEQUENCE PUBLIC.ACC_OWN_SEQ RESTART WITH 28
ALTER SEQUENCE PUBLIC.USER_SEQ RESTART WITH 61
ALTER SEQUENCE PUBLIC.ACC_OWN_SEQ RESTART WITH 29
INSERT INTO ACCOUNT_OWNERS VALUES(26,'mnie','denjudejt','opissss','uthredson','ziomek','wlsciciel','PKKK')
INSERT INTO ACCOUNT_OWNERS VALUES(27,'mnie','denjudejt','opissss','uthredson','ziomek','wlsciciel','PKKK')
INSERT INTO ACCOUNT_OWNERS VALUES(28,'mnie','denjudejt','opissss','uthredson','ziomek','wlsciciel','PKKK')
INSERT INTO USERS VALUES(60,'currentLoggedUser','2014-04-18 16:50:15.113000','Sdsre','Lucy Hannah',28)
INSERT INTO USERS VALUES(58,'currentLoggedUser','2014-04-18 16:50:15.113000','ddd','Jeanne Calment',26)
INSERT INTO USERS VALUES(59,'currentLoggedUser','2014-04-18 16:50:15.113000','eere','Sarah Knauss',27)
COMMIT
ALTER SEQUENCE PUBLIC.USER_SEQ RESTART WITH 62
ALTER SEQUENCE PUBLIC.ACC_OWN_SEQ RESTART WITH 30
INSERT INTO ACCOUNT_OWNERS VALUES(29,'mnie','denjudejt','opissss','uthredson','ziomek','wlsciciel','PKKK')
INSERT INTO USERS VALUES(61,'currentLoggedUser','2014-04-18 16:50:15.128000','paswrodjeajny','Marleur',29)
COMMIT
/*C48*/SET SCHEMA PUBLIC
DROP TABLE PUBLIC.TRANSACTIONS
DROP TABLE PUBLIC.USERS
DROP TABLE PUBLIC.ACCOUNTS
DROP TABLE PUBLIC.ACCOUNT_OWNERS
DROP TABLE PUBLIC.FINANCIAL_INSTITUTIONS
DROP TABLE PUBLIC.TRANSACTION_ENTITIES
/*C53*/DISCONNECT
/*C54*/SET SCHEMA PUBLIC
DISCONNECT
/*C55*/SET SCHEMA PUBLIC
CREATE TABLE accounts (ID INTEGER NOT NULL, account_type VARCHAR(2000000000) NOT NULL, balance VARCHAR(2000000000) NOT NULL, created_by VARCHAR(2000000000) NOT NULL, creation_date VARCHAR(255) NOT NULL, currency VARCHAR(2000000000) NOT NULL, description VARCHAR(2000000000) NOT NULL, name VARCHAR(2000000000) NOT NULL, symbol VARCHAR(2000000000) NOT NULL, account_owners_id INTEGER, FINANCIALINSTITUTION_ID INTEGER, PARENTACCOUNT_ID INTEGER, PRIMARY KEY (ID))
CREATE TABLE account_owners (ID INTEGER NOT NULL, created_by VARCHAR(2000000000) NOT NULL, creation_date VARCHAR(255) NOT NULL, description VARCHAR(2000000000) NOT NULL, last_name VARCHAR(2000000000) NOT NULL, name VARCHAR(2000000000) NOT NULL, owner_type VARCHAR(2000000000) NOT NULL, symbol VARCHAR(2000000000) NOT NULL, PRIMARY KEY (ID))
CREATE TABLE financial_institutions (ID INTEGER NOT NULL, created_by VARCHAR(2000000000) NOT NULL, creation_date VARCHAR(255) NOT NULL, description VARCHAR(2000000000) NOT NULL, institution_type VARCHAR(2000000000) NOT NULL, official_name VARCHAR(2000000000) NOT NULL, symbol VARCHAR(2000000000) NOT NULL, transaction_entities_id INTEGER, PRIMARY KEY (ID))
CREATE TABLE transactions (ID INTEGER NOT NULL, category_id INTEGER NOT NULL, created_by VARCHAR(2000000000) NOT NULL, creation_date VARCHAR(255) NOT NULL, from_amount VARCHAR(2000000000) NOT NULL, table_exchange_rate VARCHAR(2000000000) NOT NULL, to_amount VARCHAR(2000000000) NOT NULL, transaction_date VARCHAR(255) NOT NULL, user_exchange_rate VARCHAR(2000000000) NOT NULL, from_account INTEGER, to_account INTEGER, TransactionEntity_id INTEGER, PRIMARY KEY (ID))
CREATE TABLE transaction_entities (ID INTEGER NOT NULL, created_by VARCHAR(2000000000) NOT NULL, creation_date VARCHAR(255) NOT NULL, description VARCHAR(2000000000) NOT NULL, name VARCHAR(2000000000) NOT NULL, PRIMARY KEY (ID))
CREATE TABLE users (ID INTEGER NOT NULL, created_by VARCHAR(2000000000) NOT NULL, creation_date TIMESTAMP NOT NULL, password VARCHAR(2000000000) NOT NULL, user VARCHAR(2000000000) NOT NULL, ACCOUNTOWNER_ID INTEGER, PRIMARY KEY (ID))
ALTER TABLE accounts ADD CONSTRAINT FK_accounts_FINANCIALINSTITUTION_ID FOREIGN KEY (FINANCIALINSTITUTION_ID) REFERENCES financial_institutions (ID)
ALTER TABLE accounts ADD CONSTRAINT FK_accounts_PARENTACCOUNT_ID FOREIGN KEY (PARENTACCOUNT_ID) REFERENCES accounts (ID)
ALTER TABLE accounts ADD CONSTRAINT FK_accounts_account_owners_id FOREIGN KEY (account_owners_id) REFERENCES account_owners (ID)
ALTER TABLE financial_institutions ADD CONSTRAINT FK_financial_institutions_transaction_entities_id FOREIGN KEY (transaction_entities_id) REFERENCES transaction_entities (ID)
ALTER TABLE transactions ADD CONSTRAINT FK_transactions_to_account FOREIGN KEY (to_account) REFERENCES accounts (ID)
ALTER TABLE transactions ADD CONSTRAINT FK_transactions_TransactionEntity_id FOREIGN KEY (TransactionEntity_id) REFERENCES transaction_entities (ID)
ALTER TABLE transactions ADD CONSTRAINT FK_transactions_from_account FOREIGN KEY (from_account) REFERENCES accounts (ID)
ALTER TABLE users ADD CONSTRAINT FK_users_ACCOUNTOWNER_ID FOREIGN KEY (ACCOUNTOWNER_ID) REFERENCES account_owners (ID)
ALTER SEQUENCE PUBLIC.ACC_OWN_SEQ RESTART WITH 31
ALTER SEQUENCE ACC_OWN_SEQ INCREMENT BY 1
ALTER SEQUENCE PUBLIC.ACC_SEQ RESTART WITH 15
ALTER SEQUENCE ACC_SEQ INCREMENT BY 1
ALTER SEQUENCE PUBLIC.FIN_INT_SEQ RESTART WITH 21
ALTER SEQUENCE FIN_INT_SEQ INCREMENT BY 1
ALTER SEQUENCE PUBLIC.USER_SEQ RESTART WITH 63
ALTER SEQUENCE USER_SEQ INCREMENT BY 1
ALTER SEQUENCE PUBLIC.TRX_SEQ RESTART WITH 15
ALTER SEQUENCE TRX_SEQ INCREMENT BY 1
ALTER SEQUENCE PUBLIC.TRX_CAT_SEQ RESTART WITH 15
ALTER SEQUENCE TRX_CAT_SEQ INCREMENT BY 1
DISCONNECT
/*C56*/SET SCHEMA PUBLIC
DISCONNECT
/*C57*/SET SCHEMA PUBLIC
ALTER SEQUENCE PUBLIC.ACC_OWN_SEQ RESTART WITH 32
ALTER SEQUENCE ACC_OWN_SEQ INCREMENT BY 1
ALTER SEQUENCE PUBLIC.ACC_SEQ RESTART WITH 16
ALTER SEQUENCE ACC_SEQ INCREMENT BY 1
ALTER SEQUENCE PUBLIC.TRX_CAT_SEQ RESTART WITH 16
ALTER SEQUENCE TRX_CAT_SEQ INCREMENT BY 1
ALTER SEQUENCE PUBLIC.USER_SEQ RESTART WITH 64
ALTER SEQUENCE USER_SEQ INCREMENT BY 1
ALTER SEQUENCE PUBLIC.TRX_SEQ RESTART WITH 16
ALTER SEQUENCE TRX_SEQ INCREMENT BY 1
ALTER SEQUENCE PUBLIC.FIN_INT_SEQ RESTART WITH 22
ALTER SEQUENCE FIN_INT_SEQ INCREMENT BY 1
ALTER SEQUENCE PUBLIC.USER_SEQ RESTART WITH 65
ALTER SEQUENCE PUBLIC.USER_SEQ RESTART WITH 66
INSERT INTO USERS VALUES(65,'currentLoggedUser','2014-04-18 18:17:27.495000','sadsad','duupaa',NULL)
COMMIT
DISCONNECT
/*C58*/SET SCHEMA PUBLIC
DISCONNECT
/*C59*/SET SCHEMA PUBLIC
ALTER SEQUENCE PUBLIC.ACC_SEQ RESTART WITH 17
ALTER SEQUENCE ACC_SEQ INCREMENT BY 1
ALTER SEQUENCE PUBLIC.FIN_INT_SEQ RESTART WITH 23
ALTER SEQUENCE FIN_INT_SEQ INCREMENT BY 1
ALTER SEQUENCE PUBLIC.TRX_SEQ RESTART WITH 17
ALTER SEQUENCE TRX_SEQ INCREMENT BY 1
ALTER SEQUENCE PUBLIC.USER_SEQ RESTART WITH 67
ALTER SEQUENCE USER_SEQ INCREMENT BY 1
ALTER SEQUENCE PUBLIC.TRX_CAT_SEQ RESTART WITH 17
ALTER SEQUENCE TRX_CAT_SEQ INCREMENT BY 1
ALTER SEQUENCE PUBLIC.ACC_OWN_SEQ RESTART WITH 33
ALTER SEQUENCE ACC_OWN_SEQ INCREMENT BY 1
ALTER SEQUENCE PUBLIC.USER_SEQ RESTART WITH 68
ALTER SEQUENCE PUBLIC.USER_SEQ RESTART WITH 69
INSERT INTO USERS VALUES(68,'currentLoggedUser','2014-04-18 18:20:59.994000','sadsad','duupaa',NULL)
COMMIT
DELETE FROM USERS WHERE ID=65
INSERT INTO USERS VALUES(65,'currentLoggedUser','2014-04-18 18:17:27.495000','sadsad','4334534',NULL)
COMMIT
DISCONNECT
/*C48*/DROP TABLE PUBLIC.TRANSACTIONS
DROP TABLE PUBLIC.USERS
DROP TABLE PUBLIC.ACCOUNTS
DROP TABLE PUBLIC.ACCOUNT_OWNERS
DROP TABLE PUBLIC.FINANCIAL_INSTITUTIONS
DROP TABLE PUBLIC.TRANSACTION_ENTITIES
/*C60*/SET SCHEMA PUBLIC
DISCONNECT
/*C61*/SET SCHEMA PUBLIC
CREATE TABLE accounts (ID INTEGER NOT NULL, account_type VARCHAR(2000000000) NOT NULL, balance VARCHAR(2000000000) NOT NULL, created_by VARCHAR(2000000000) NOT NULL, creation_date VARCHAR(255) NOT NULL, currency VARCHAR(2000000000) NOT NULL, description VARCHAR(2000000000) NOT NULL, name VARCHAR(2000000000) NOT NULL, symbol VARCHAR(2000000000) NOT NULL, account_owners_id INTEGER, FINANCIALINSTITUTION_ID INTEGER, PARENTACCOUNT_ID INTEGER, PRIMARY KEY (ID))
CREATE TABLE account_owners (ID INTEGER NOT NULL, created_by VARCHAR(2000000000) NOT NULL, creation_date VARCHAR(255) NOT NULL, description VARCHAR(2000000000) NOT NULL, last_name VARCHAR(2000000000) NOT NULL, name VARCHAR(2000000000) NOT NULL, owner_type VARCHAR(2000000000) NOT NULL, symbol VARCHAR(2000000000) NOT NULL, PRIMARY KEY (ID))
CREATE TABLE financial_institutions (ID INTEGER NOT NULL, created_by VARCHAR(2000000000) NOT NULL, creation_date VARCHAR(255) NOT NULL, description VARCHAR(2000000000) NOT NULL, institution_type VARCHAR(2000000000) NOT NULL, official_name VARCHAR(2000000000) NOT NULL, symbol VARCHAR(2000000000) NOT NULL, transaction_entities_id INTEGER, PRIMARY KEY (ID))
CREATE TABLE transactions (ID INTEGER NOT NULL, category_id INTEGER NOT NULL, created_by VARCHAR(2000000000) NOT NULL, creation_date VARCHAR(255) NOT NULL, from_amount VARCHAR(2000000000) NOT NULL, table_exchange_rate VARCHAR(2000000000) NOT NULL, to_amount VARCHAR(2000000000) NOT NULL, transaction_date VARCHAR(255) NOT NULL, user_exchange_rate VARCHAR(2000000000) NOT NULL, from_account INTEGER, to_account INTEGER, TransactionEntity_id INTEGER, PRIMARY KEY (ID))
CREATE TABLE transaction_entities (ID INTEGER NOT NULL, created_by VARCHAR(2000000000) NOT NULL, creation_date VARCHAR(255) NOT NULL, description VARCHAR(2000000000) NOT NULL, name VARCHAR(2000000000) NOT NULL, PRIMARY KEY (ID))
CREATE TABLE users (ID INTEGER NOT NULL, created_by VARCHAR(2000000000) NOT NULL, creation_date TIMESTAMP NOT NULL, password VARCHAR(2000000000) NOT NULL, user VARCHAR(2000000000) NOT NULL, infak BIGINT, PRIMARY KEY (ID))
CREATE TABLE faking (ID BIGINT NOT NULL, nejm VARCHAR(255), PRIMARY KEY (ID))
ALTER TABLE accounts ADD CONSTRAINT FK_accounts_FINANCIALINSTITUTION_ID FOREIGN KEY (FINANCIALINSTITUTION_ID) REFERENCES financial_institutions (ID)
ALTER TABLE accounts ADD CONSTRAINT FK_accounts_PARENTACCOUNT_ID FOREIGN KEY (PARENTACCOUNT_ID) REFERENCES accounts (ID)
ALTER TABLE accounts ADD CONSTRAINT FK_accounts_account_owners_id FOREIGN KEY (account_owners_id) REFERENCES account_owners (ID)
ALTER TABLE financial_institutions ADD CONSTRAINT FK_financial_institutions_transaction_entities_id FOREIGN KEY (transaction_entities_id) REFERENCES transaction_entities (ID)
ALTER TABLE transactions ADD CONSTRAINT FK_transactions_to_account FOREIGN KEY (to_account) REFERENCES accounts (ID)
ALTER TABLE transactions ADD CONSTRAINT FK_transactions_TransactionEntity_id FOREIGN KEY (TransactionEntity_id) REFERENCES transaction_entities (ID)
ALTER TABLE transactions ADD CONSTRAINT FK_transactions_from_account FOREIGN KEY (from_account) REFERENCES accounts (ID)
ALTER TABLE users ADD CONSTRAINT FK_users_infak FOREIGN KEY (infak) REFERENCES faking (ID)
ALTER SEQUENCE PUBLIC.TRX_SEQ RESTART WITH 18
ALTER SEQUENCE TRX_SEQ INCREMENT BY 1
ALTER SEQUENCE PUBLIC.FIN_INT_SEQ RESTART WITH 24
ALTER SEQUENCE FIN_INT_SEQ INCREMENT BY 1
ALTER SEQUENCE PUBLIC.TRX_CAT_SEQ RESTART WITH 18
ALTER SEQUENCE TRX_CAT_SEQ INCREMENT BY 1
ALTER SEQUENCE PUBLIC.ACC_SEQ RESTART WITH 18
ALTER SEQUENCE ACC_SEQ INCREMENT BY 1
CREATE SEQUENCE fkkSeq START WITH 1
ALTER SEQUENCE PUBLIC.USER_SEQ RESTART WITH 70
ALTER SEQUENCE USER_SEQ INCREMENT BY 1
ALTER SEQUENCE PUBLIC.ACC_OWN_SEQ RESTART WITH 34
ALTER SEQUENCE ACC_OWN_SEQ INCREMENT BY 1
/*C48*/DISCONNECT
/*C49*/SET SCHEMA PUBLIC
DISCONNECT
/*C61*/DISCONNECT
/*C62*/SET SCHEMA PUBLIC
DISCONNECT
/*C63*/SET SCHEMA PUBLIC
ALTER SEQUENCE PUBLIC.TRX_CAT_SEQ RESTART WITH 19
ALTER SEQUENCE TRX_CAT_SEQ INCREMENT BY 1
ALTER SEQUENCE PUBLIC.USER_SEQ RESTART WITH 71
ALTER SEQUENCE USER_SEQ INCREMENT BY 1
ALTER SEQUENCE PUBLIC.TRX_SEQ RESTART WITH 19
ALTER SEQUENCE TRX_SEQ INCREMENT BY 1
ALTER SEQUENCE PUBLIC.ACC_OWN_SEQ RESTART WITH 35
ALTER SEQUENCE ACC_OWN_SEQ INCREMENT BY 1
ALTER SEQUENCE PUBLIC.FIN_INT_SEQ RESTART WITH 25
ALTER SEQUENCE FIN_INT_SEQ INCREMENT BY 1
ALTER SEQUENCE PUBLIC.ACC_SEQ RESTART WITH 19
ALTER SEQUENCE ACC_SEQ INCREMENT BY 1
DISCONNECT
/*C64*/SET SCHEMA PUBLIC
DISCONNECT
/*C65*/SET SCHEMA PUBLIC
ALTER SEQUENCE PUBLIC.USER_SEQ RESTART WITH 72
ALTER SEQUENCE USER_SEQ INCREMENT BY 1
ALTER SEQUENCE PUBLIC.TRX_SEQ RESTART WITH 20
ALTER SEQUENCE TRX_SEQ INCREMENT BY 1
ALTER SEQUENCE PUBLIC.FIN_INT_SEQ RESTART WITH 26
ALTER SEQUENCE FIN_INT_SEQ INCREMENT BY 1
ALTER SEQUENCE PUBLIC.ACC_SEQ RESTART WITH 20
ALTER SEQUENCE ACC_SEQ INCREMENT BY 1
ALTER SEQUENCE PUBLIC.TRX_CAT_SEQ RESTART WITH 20
ALTER SEQUENCE TRX_CAT_SEQ INCREMENT BY 1
ALTER SEQUENCE PUBLIC.ACC_OWN_SEQ RESTART WITH 36
ALTER SEQUENCE ACC_OWN_SEQ INCREMENT BY 1
DISCONNECT
/*C66*/SET SCHEMA PUBLIC
DISCONNECT
/*C67*/SET SCHEMA PUBLIC
ALTER SEQUENCE PUBLIC.TRX_SEQ RESTART WITH 21
ALTER SEQUENCE TRX_SEQ INCREMENT BY 1
ALTER SEQUENCE PUBLIC.USER_SEQ RESTART WITH 73
ALTER SEQUENCE USER_SEQ INCREMENT BY 1
ALTER SEQUENCE PUBLIC.TRX_CAT_SEQ RESTART WITH 21
ALTER SEQUENCE TRX_CAT_SEQ INCREMENT BY 1
ALTER SEQUENCE PUBLIC.ACC_OWN_SEQ RESTART WITH 37
ALTER SEQUENCE ACC_OWN_SEQ INCREMENT BY 1
ALTER SEQUENCE PUBLIC.FIN_INT_SEQ RESTART WITH 27
ALTER SEQUENCE FIN_INT_SEQ INCREMENT BY 1
ALTER SEQUENCE PUBLIC.ACC_SEQ RESTART WITH 21
ALTER SEQUENCE ACC_SEQ INCREMENT BY 1
DISCONNECT
/*C68*/SET SCHEMA PUBLIC
DISCONNECT
/*C69*/SET SCHEMA PUBLIC
ALTER SEQUENCE PUBLIC.FIN_INT_SEQ RESTART WITH 28
ALTER SEQUENCE FIN_INT_SEQ INCREMENT BY 1
ALTER SEQUENCE PUBLIC.USER_SEQ RESTART WITH 74
ALTER SEQUENCE USER_SEQ INCREMENT BY 1
ALTER SEQUENCE PUBLIC.ACC_SEQ RESTART WITH 22
ALTER SEQUENCE ACC_SEQ INCREMENT BY 1
ALTER SEQUENCE PUBLIC.ACC_OWN_SEQ RESTART WITH 38
ALTER SEQUENCE ACC_OWN_SEQ INCREMENT BY 1
ALTER SEQUENCE PUBLIC.TRX_CAT_SEQ RESTART WITH 22
ALTER SEQUENCE TRX_CAT_SEQ INCREMENT BY 1
ALTER SEQUENCE PUBLIC.TRX_SEQ RESTART WITH 22
ALTER SEQUENCE TRX_SEQ INCREMENT BY 1
DISCONNECT
/*C72*/SET SCHEMA PUBLIC
DISCONNECT
/*C73*/SET SCHEMA PUBLIC
ALTER SEQUENCE PUBLIC.ACC_SEQ RESTART WITH 23
ALTER SEQUENCE ACC_SEQ INCREMENT BY 1
ALTER SEQUENCE PUBLIC.FIN_INT_SEQ RESTART WITH 29
ALTER SEQUENCE FIN_INT_SEQ INCREMENT BY 1
ALTER SEQUENCE PUBLIC.TRX_CAT_SEQ RESTART WITH 23
ALTER SEQUENCE TRX_CAT_SEQ INCREMENT BY 1
ALTER SEQUENCE PUBLIC.TRX_SEQ RESTART WITH 23
ALTER SEQUENCE TRX_SEQ INCREMENT BY 1
ALTER SEQUENCE PUBLIC.ACC_OWN_SEQ RESTART WITH 39
ALTER SEQUENCE ACC_OWN_SEQ INCREMENT BY 1
ALTER SEQUENCE PUBLIC.USER_SEQ RESTART WITH 75
ALTER SEQUENCE USER_SEQ INCREMENT BY 1
ALTER SEQUENCE PUBLIC.USER_SEQ RESTART WITH 76
INSERT INTO USERS VALUES(75,'currentLoggedUser','2014-04-18 22:36:48.895000','cycce','dupa',NULL)
COMMIT
ALTER SEQUENCE PUBLIC.USER_SEQ RESTART WITH 77
INSERT INTO USERS VALUES(76,'currentLoggedUser','2014-04-18 22:37:25.023000','cycce','dupa',NULL)
COMMIT
ALTER SEQUENCE PUBLIC.USER_SEQ RESTART WITH 78
INSERT INTO USERS VALUES(77,'currentLoggedUser','2014-04-18 22:37:44.539000','cycce','dupa',NULL)
COMMIT
DELETE FROM USERS WHERE ID=76
INSERT INTO USERS VALUES(76,'currentLoggedUser','2014-04-18 22:37:25.023000','cycce','dupai co dalej ',NULL)
COMMIT
